<?xml version="1.0" encoding="UTF-8"?>
<!-- Generated by org.testng.reporters.JUnitReportReporter -->
<testsuite skipped="0" hostname="DESKTOP-SR53NA6" name="Tests.CartTest" tests="1" failures="0" timestamp="30 Mar 2020 16:54:47 GMT" time="5.050" errors="0">
  <testcase name="addAllProductsInCartTest" time="5.050" classname="Tests.CartTest"/>
</testsuite> <!-- Tests.CartTest -->
