<?xml version="1.0" encoding="UTF-8"?>
<!-- Generated by org.testng.reporters.JUnitReportReporter -->
<testsuite skipped="0" hostname="DESKTOP-SR53NA6" name="Tests.PetStoreMenuTest" tests="3" failures="0" timestamp="31 Mar 2020 13:19:28 GMT" time="2.927" errors="0">
  <testcase name="linksTest" time="1.912" classname="Tests.PetStoreMenuTest"/>
  <testcase name="menuContentTest" time="0.794" classname="Tests.PetStoreMenuTest"/>
  <testcase name="leftSideNavTest" time="0.221" classname="Tests.PetStoreMenuTest"/>
</testsuite> <!-- Tests.PetStoreMenuTest -->
