<?xml version="1.0" encoding="UTF-8"?>
<!-- Generated by org.testng.reporters.JUnitReportReporter -->
<testsuite skipped="0" hostname="DESKTOP-SR53NA6" name="Tests.RegistrationTest" tests="1" failures="0" timestamp="26 Mar 2020 15:35:12 GMT" time="2.694" errors="0">
  <testcase name="registrationTest" time="2.694" classname="Tests.RegistrationTest"/>
</testsuite> <!-- Tests.RegistrationTest -->
