<?xml version="1.0" encoding="UTF-8"?>
<!-- Generated by org.testng.reporters.JUnitReportReporter -->
<testsuite skipped="0" hostname="DESKTOP-SR53NA6" name="Tests.AccessStoreTest" tests="1" failures="0" timestamp="24 Mar 2020 22:04:34 GMT" time="4.060" errors="0">
  <testcase name="accessTest" time="4.060" classname="Tests.AccessStoreTest"/>
</testsuite> <!-- Tests.AccessStoreTest -->
