<?xml version="1.0" encoding="UTF-8"?>
<!-- Generated by org.testng.reporters.JUnitReportReporter -->
<testsuite skipped="0" hostname="DESKTOP-SR53NA6" name="Tests.PetStoreMenuTest" tests="3" failures="0" timestamp="25 Mar 2020 12:57:56 GMT" time="6.905" errors="0">
  <testcase name="linksTest" time="1.890" classname="Tests.PetStoreMenuTest"/>
  <testcase name="menuContentTest" time="1.794" classname="Tests.PetStoreMenuTest"/>
  <testcase name="leftSideNavTest" time="3.221" classname="Tests.PetStoreMenuTest"/>
</testsuite> <!-- Tests.PetStoreMenuTest -->
