<?xml version="1.0" encoding="UTF-8"?>
<!-- Generated by org.testng.reporters.JUnitReportReporter -->
<testsuite skipped="0" hostname="DESKTOP-SR53NA6" name="Tests.HomePageTest" tests="2" failures="0" timestamp="04 Apr 2020 11:49:36 GMT" time="1.166" errors="0">
  <testcase name="accessTest" time="0.621" classname="Tests.HomePageTest"/>
  <testcase name="accessTest" time="0.545" classname="Tests.HomePageTest"/>
</testsuite> <!-- Tests.HomePageTest -->
