<?xml version="1.0" encoding="UTF-8"?>
<!-- Generated by org.testng.reporters.JUnitReportReporter -->
<testsuite skipped="0" hostname="DESKTOP-SR53NA6" name="Tests.CartTest" tests="2" failures="0" timestamp="31 Mar 2020 10:07:47 GMT" time="5.606" errors="0">
  <testcase name="addAllProductsInCartTest" time="3.516" classname="Tests.CartTest"/>
  <testcase name="deleteCartCookieTest" time="2.090" classname="Tests.CartTest"/>
</testsuite> <!-- Tests.CartTest -->
