<?xml version="1.0" encoding="UTF-8"?>
<!-- Generated by org.testng.reporters.JUnitReportReporter -->
<testsuite skipped="0" hostname="DESKTOP-SR53NA6" name="Tests.RegistrationTest" tests="3" failures="0" timestamp="27 Mar 2020 20:01:27 GMT" time="82.529" errors="0">
  <testcase name="registrationTest" time="77.804" classname="Tests.RegistrationTest"/>
  <testcase name="registrationWithoutPasswordTest" time="2.329" classname="Tests.RegistrationTest"/>
  <testcase name="registrationWithoutFirstNameTest" time="2.396" classname="Tests.RegistrationTest"/>
</testsuite> <!-- Tests.RegistrationTest -->
