<?xml version="1.0" encoding="UTF-8"?>
<!-- Generated by org.testng.reporters.JUnitReportReporter -->
<testsuite skipped="0" hostname="DESKTOP-SR53NA6" name="Tests.SignInTest" tests="2" failures="0" timestamp="04 Apr 2020 11:49:36 GMT" time="40.759" errors="0">
  <testcase name="loginTest" time="16.988" classname="Tests.SignInTest"/>
  <testcase name="loginTest" time="23.771" classname="Tests.SignInTest"/>
</testsuite> <!-- Tests.SignInTest -->
