<?xml version="1.0" encoding="UTF-8"?>
<!-- Generated by org.testng.reporters.JUnitReportReporter -->
<testsuite skipped="0" hostname="DESKTOP-SR53NA6" name="Tests.SignInTest" tests="1" failures="0" timestamp="27 Mar 2020 15:53:54 GMT" time="27.986" errors="0">
  <testcase name="loginTest" time="27.986" classname="Tests.SignInTest"/>
</testsuite> <!-- Tests.SignInTest -->
