<?xml version="1.0" encoding="UTF-8"?>
<!-- Generated by org.testng.reporters.JUnitReportReporter -->
<testsuite skipped="0" hostname="DESKTOP-SR53NA6" name="Tests.RegistrationTest" tests="1" failures="0" timestamp="27 Mar 2020 11:47:35 GMT" time="76.293" errors="0">
  <testcase name="registrationTest" time="76.293" classname="Tests.RegistrationTest"/>
</testsuite> <!-- Tests.RegistrationTest -->
