<?xml version="1.0" encoding="UTF-8"?>
<!-- Generated by org.testng.reporters.JUnitReportReporter -->
<testsuite skipped="0" hostname="DESKTOP-SR53NA6" name="Tests.CartTest" tests="4" failures="0" timestamp="04 Apr 2020 11:19:12 GMT" time="11.407" errors="0">
  <testcase name="addAllProductsInCartTest" time="3.353" classname="Tests.CartTest"/>
  <testcase name="addAllProductsInCartTest" time="3.492" classname="Tests.CartTest"/>
  <testcase name="deleteCartCookieTest" time="2.260" classname="Tests.CartTest"/>
  <testcase name="deleteCartCookieTest" time="2.302" classname="Tests.CartTest"/>
</testsuite> <!-- Tests.CartTest -->
